2023-08-06 05:02:37.673472 - Initialized conversion of CBT526
2023-08-06 05:02:38.104692 - Received CBT.V505.FILE526.PDS from FILE526.XMI 
2023-08-06 05:02:38.106928 - Found $$$#DATE.txt (text/plain) in CBT.V505.FILE526.PDS, moved to PDS/$$$#DATE
2023-08-06 05:02:38.108239 - Found $$NOTE01.txt (text/plain) in CBT.V505.FILE526.PDS, moved to PDS/$$NOTE01
2023-08-06 05:02:38.109259 - Found $$NOTE02.txt (text/plain) in CBT.V505.FILE526.PDS, moved to PDS/$$NOTE02
2023-08-06 05:02:38.111113 - De-xmi-ed $CMDSDOC to CBT526/docs/$CMDSDOC.docx
2023-08-06 05:02:38.112822 - De-xmi-ed $CMDSDOL to CBT526/docs/$CMDSDOL.doc
2023-08-06 05:02:38.114655 - De-xmi-ed $INSTDOL to CBT526/docs/$INSTDOL.doc
2023-08-06 05:02:38.116305 - De-xmi-ed $INSTDO1 to CBT526/docs/$INSTDO1.doc
2023-08-06 05:02:38.118072 - De-xmi-ed $INSTDO2 to CBT526/docs/$INSTDO2.doc
2023-08-06 05:02:38.118958 - Found @FILE526.txt (text/plain) in CBT.V505.FILE526.PDS, moved to PDS/@FILE526
2023-08-06 05:02:38.454031 - Found HELP.xmi (application/xmit) in CBT.V505.FILE526.PDS
2023-08-06 05:02:38.535907   - Received to CBT526/SPI.HELP
2023-08-06 05:02:38.940377 - Found PANEL.xmi (application/xmit) in CBT.V505.FILE526.PDS
2023-08-06 05:02:39.017788   - Received to CBT526/SPI.PANEL
2023-08-06 05:02:39.265642 - Found PARMLIB.xmi (application/xmit) in CBT.V505.FILE526.PDS
2023-08-06 05:02:39.294614   - Received to CBT526/SPI.PARMLIB
2023-08-06 05:02:42.166237 - Found REXX.xmi (application/xmit) in CBT.V505.FILE526.PDS
2023-08-06 05:02:42.455665   - Received to CBT526/SPI.REXX
2023-08-06 05:02:42.455817 - Found SPICMDS.bin containing application/octet-stream, moved to PDS/SPICMDS
2023-08-06 05:02:42.457962 - Found SPIINST.txt (text/plain) in CBT.V505.FILE526.PDS, moved to PDS/SPIINST
